{"C:\\Users\\George\\Desktop\\Study\\yaReact\\stellar-burgers\\src\\services\\store.ts": {"path":"C:\\Users\\George\\Desktop\\Study\\yaReact\\stellar-burgers\\src\\services\\store.ts","statementMap":{"0":{"start":{"line":1,"column":0},"end":{"line":1,"column":65}},"1":{"start":{"line":3,"column":0},"end":{"line":3,"column":null}},"2":{"start":{"line":8,"column":0},"end":{"line":8,"column":41}},"3":{"start":{"line":9,"column":0},"end":{"line":9,"column":54}},"4":{"start":{"line":10,"column":0},"end":{"line":10,"column":41}},"5":{"start":{"line":11,"column":0},"end":{"line":11,"column":45}},"6":{"start":{"line":12,"column":0},"end":{"line":12,"column":64}},"7":{"start":{"line":14,"column":20},"end":{"line":19,"column":null}},"8":{"start":{"line":22,"column":14},"end":{"line":25,"column":2}},"9":{"start":{"line":31,"column":46},"end":{"line":31,"column":64}},"10":{"start":{"line":31,"column":52},"end":{"line":31,"column":67}},"11":{"start":{"line":31,"column":13},"end":{"line":31,"column":46}},"12":{"start":{"line":32,"column":13},"end":{"line":32,"column":73}},"13":{"start":{"line":34,"column":0},"end":{"line":34,"column":21}}},"fnMap":{"0":{"name":"(anonymous_0)","decl":{"start":{"line":31,"column":46},"end":{"line":31,"column":52}},"loc":{"start":{"line":31,"column":46},"end":{"line":31,"column":64}}}},"branchMap":{},"s":{"0":1,"1":1,"2":1,"3":1,"4":1,"5":1,"6":1,"7":1,"8":1,"9":1,"10":0,"11":1,"12":1,"13":1},"f":{"0":0},"b":{}}
,"C:\\Users\\George\\Desktop\\Study\\yaReact\\stellar-burgers\\src\\services\\Ingredients\\actions.ts": {"path":"C:\\Users\\George\\Desktop\\Study\\yaReact\\stellar-burgers\\src\\services\\Ingredients\\actions.ts","statementMap":{"0":{"start":{"line":1,"column":0},"end":{"line":1,"column":59}},"1":{"start":{"line":2,"column":0},"end":{"line":2,"column":52}},"2":{"start":{"line":4,"column":13},"end":{"line":7,"column":2}}},"fnMap":{},"branchMap":{},"s":{"0":2,"1":2,"2":2},"f":{},"b":{}}
,"C:\\Users\\George\\Desktop\\Study\\yaReact\\stellar-burgers\\src\\services\\Ingredients\\slice.ts": {"path":"C:\\Users\\George\\Desktop\\Study\\yaReact\\stellar-burgers\\src\\services\\Ingredients\\slice.ts","statementMap":{"0":{"start":{"line":1,"column":0},"end":{"line":1,"column":47}},"1":{"start":{"line":3,"column":0},"end":{"line":3,"column":43}},"2":{"start":{"line":10,"column":13},"end":{"line":13,"column":2}},"3":{"start":{"line":15,"column":13},"end":{"line":32,"column":3}},"4":{"start":{"line":20,"column":4},"end":{"line":30,"column":9}},"5":{"start":{"line":22,"column":8},"end":{"line":22,"column":31}},"6":{"start":{"line":25,"column":8},"end":{"line":25,"column":32}},"7":{"start":{"line":26,"column":8},"end":{"line":26,"column":43}},"8":{"start":{"line":29,"column":8},"end":{"line":29,"column":32}},"9":{"start":{"line":35,"column":33},"end":{"line":36,"column":7}},"10":{"start":{"line":36,"column":2},"end":{"line":36,"column":32}},"11":{"start":{"line":35,"column":13},"end":{"line":35,"column":33}},"12":{"start":{"line":37,"column":39},"end":{"line":39,"column":11}},"13":{"start":{"line":39,"column":6},"end":{"line":39,"column":34}},"14":{"start":{"line":37,"column":13},"end":{"line":37,"column":39}}},"fnMap":{"0":{"name":"(anonymous_0)","decl":{"start":{"line":19,"column":17},"end":{"line":19,"column":18}},"loc":{"start":{"line":19,"column":25},"end":{"line":31,"column":3}}},"1":{"name":"(anonymous_1)","decl":{"start":{"line":21,"column":39},"end":{"line":21,"column":40}},"loc":{"start":{"line":21,"column":45},"end":{"line":23,"column":7}}},"2":{"name":"(anonymous_2)","decl":{"start":{"line":24,"column":41},"end":{"line":24,"column":42}},"loc":{"start":{"line":24,"column":55},"end":{"line":27,"column":7}}},"3":{"name":"(anonymous_3)","decl":{"start":{"line":28,"column":40},"end":{"line":28,"column":41}},"loc":{"start":{"line":28,"column":46},"end":{"line":30,"column":7}}},"4":{"name":"(anonymous_4)","decl":{"start":{"line":35,"column":33},"end":{"line":35,"column":34}},"loc":{"start":{"line":35,"column":75},"end":{"line":36,"column":7}}},"5":{"name":"(anonymous_5)","decl":{"start":{"line":37,"column":39},"end":{"line":37,"column":40}},"loc":{"start":{"line":39,"column":1},"end":{"line":39,"column":11}}}},"branchMap":{},"s":{"0":2,"1":2,"2":2,"3":2,"4":2,"5":1,"6":1,"7":1,"8":1,"9":2,"10":0,"11":2,"12":2,"13":0,"14":2},"f":{"0":2,"1":1,"2":1,"3":1,"4":0,"5":0},"b":{}}
,"C:\\Users\\George\\Desktop\\Study\\yaReact\\stellar-burgers\\src\\services\\burger-creator\\slice.ts": {"path":"C:\\Users\\George\\Desktop\\Study\\yaReact\\stellar-burgers\\src\\services\\burger-creator\\slice.ts","statementMap":{"0":{"start":{"line":1,"column":0},"end":{"line":1,"column":70}},"1":{"start":{"line":9,"column":13},"end":{"line":12,"column":2}},"2":{"start":{"line":14,"column":13},"end":{"line":53,"column":3}},"3":{"start":{"line":20,"column":8},"end":{"line":24,"column":9}},"4":{"start":{"line":21,"column":10},"end":{"line":21,"column":37}},"5":{"start":{"line":23,"column":10},"end":{"line":23,"column":49}},"6":{"start":{"line":26,"column":44},"end":{"line":28,"column":null}},"7":{"start":{"line":31,"column":6},"end":{"line":33,"column":8}},"8":{"start":{"line":32,"column":18},"end":{"line":32,"column":null}},"9":{"start":{"line":35,"column":32},"end":{"line":35,"column":null}},"10":{"start":{"line":37,"column":20},"end":{"line":37,"column":34}},"11":{"start":{"line":38,"column":6},"end":{"line":42,"column":7}},"12":{"start":{"line":39,"column":28},"end":{"line":39,"column":52}},"13":{"start":{"line":40,"column":8},"end":{"line":40,"column":64}},"14":{"start":{"line":41,"column":8},"end":{"line":41,"column":51}},"15":{"start":{"line":45,"column":20},"end":{"line":45,"column":34}},"16":{"start":{"line":46,"column":6},"end":{"line":50,"column":7}},"17":{"start":{"line":47,"column":28},"end":{"line":47,"column":52}},"18":{"start":{"line":48,"column":8},"end":{"line":48,"column":64}},"19":{"start":{"line":49,"column":8},"end":{"line":49,"column":51}},"20":{"start":{"line":56,"column":32},"end":{"line":58,"column":11}},"21":{"start":{"line":58,"column":6},"end":{"line":58,"column":34}},"22":{"start":{"line":56,"column":13},"end":{"line":56,"column":32}},"23":{"start":{"line":60,"column":41},"end":{"line":62,"column":11}},"24":{"start":{"line":62,"column":6},"end":{"line":62,"column":42}},"25":{"start":{"line":60,"column":13},"end":{"line":60,"column":41}},"26":{"start":{"line":65,"column":2},"end":{"line":69,"column":null}}},"fnMap":{"0":{"name":"(anonymous_2)","decl":{"start":{"line":19,"column":15},"end":{"line":19,"column":16}},"loc":{"start":{"line":19,"column":68},"end":{"line":25,"column":7}}},"1":{"name":"(anonymous_3)","decl":{"start":{"line":26,"column":15},"end":{"line":26,"column":16}},"loc":{"start":{"line":26,"column":39},"end":{"line":26,"column":45}}},"2":{"name":"(anonymous_4)","decl":{"start":{"line":30,"column":22},"end":{"line":30,"column":23}},"loc":{"start":{"line":30,"column":59},"end":{"line":34,"column":5}}},"3":{"name":"(anonymous_5)","decl":{"start":{"line":32,"column":8},"end":{"line":32,"column":9}},"loc":{"start":{"line":32,"column":13},"end":{"line":32,"column":22}}},"4":{"name":"(anonymous_6)","decl":{"start":{"line":35,"column":21},"end":{"line":35,"column":22}},"loc":{"start":{"line":35,"column":27},"end":{"line":35,"column":44}}},"5":{"name":"(anonymous_7)","decl":{"start":{"line":36,"column":20},"end":{"line":36,"column":21}},"loc":{"start":{"line":36,"column":57},"end":{"line":43,"column":5}}},"6":{"name":"(anonymous_8)","decl":{"start":{"line":44,"column":18},"end":{"line":44,"column":19}},"loc":{"start":{"line":44,"column":55},"end":{"line":51,"column":5}}},"7":{"name":"(anonymous_9)","decl":{"start":{"line":56,"column":32},"end":{"line":56,"column":33}},"loc":{"start":{"line":58,"column":1},"end":{"line":58,"column":11}}},"8":{"name":"(anonymous_10)","decl":{"start":{"line":60,"column":41},"end":{"line":60,"column":42}},"loc":{"start":{"line":62,"column":1},"end":{"line":62,"column":11}}}},"branchMap":{"0":{"loc":{"start":{"line":20,"column":8},"end":{"line":24,"column":9}},"type":"if","locations":[{"start":{"line":20,"column":8},"end":{"line":24,"column":9}},{"start":{"line":22,"column":15},"end":{"line":24,"column":9}}]},"1":{"loc":{"start":{"line":38,"column":6},"end":{"line":42,"column":7}},"type":"if","locations":[{"start":{"line":38,"column":6},"end":{"line":42,"column":7}}]},"2":{"loc":{"start":{"line":46,"column":6},"end":{"line":50,"column":7}},"type":"if","locations":[{"start":{"line":46,"column":6},"end":{"line":50,"column":7}}]}},"s":{"0":3,"1":3,"2":3,"3":2,"4":1,"5":1,"6":2,"7":1,"8":2,"9":0,"10":1,"11":1,"12":1,"13":1,"14":1,"15":1,"16":1,"17":1,"18":1,"19":1,"20":3,"21":0,"22":3,"23":3,"24":0,"25":3,"26":3},"f":{"0":2,"1":2,"2":1,"3":2,"4":0,"5":1,"6":1,"7":0,"8":0},"b":{"0":[1,1],"1":[1],"2":[1]}}
,"C:\\Users\\George\\Desktop\\Study\\yaReact\\stellar-burgers\\src\\services\\feed\\actions.ts": {"path":"C:\\Users\\George\\Desktop\\Study\\yaReact\\stellar-burgers\\src\\services\\feed\\actions.ts","statementMap":{"0":{"start":{"line":1,"column":0},"end":{"line":1,"column":74}},"1":{"start":{"line":2,"column":0},"end":{"line":2,"column":52}},"2":{"start":{"line":4,"column":13},"end":{"line":4,"column":72}},"3":{"start":{"line":6,"column":13},"end":{"line":9,"column":2}}},"fnMap":{},"branchMap":{},"s":{"0":1,"1":1,"2":1,"3":1},"f":{},"b":{}}
,"C:\\Users\\George\\Desktop\\Study\\yaReact\\stellar-burgers\\src\\services\\feed\\slice.ts": {"path":"C:\\Users\\George\\Desktop\\Study\\yaReact\\stellar-burgers\\src\\services\\feed\\slice.ts","statementMap":{"0":{"start":{"line":1,"column":0},"end":{"line":1,"column":47}},"1":{"start":{"line":3,"column":0},"end":{"line":3,"column":55}},"2":{"start":{"line":13,"column":13},"end":{"line":19,"column":2}},"3":{"start":{"line":21,"column":13},"end":{"line":47,"column":3}},"4":{"start":{"line":26,"column":6},"end":{"line":26,"column":32}},"5":{"start":{"line":30,"column":4},"end":{"line":42,"column":9}},"6":{"start":{"line":32,"column":8},"end":{"line":32,"column":31}},"7":{"start":{"line":35,"column":8},"end":{"line":35,"column":32}},"8":{"start":{"line":36,"column":8},"end":{"line":36,"column":45}},"9":{"start":{"line":37,"column":8},"end":{"line":37,"column":43}},"10":{"start":{"line":38,"column":8},"end":{"line":38,"column":53}},"11":{"start":{"line":41,"column":8},"end":{"line":41,"column":32}},"12":{"start":{"line":43,"column":4},"end":{"line":45,"column":7}},"13":{"start":{"line":44,"column":6},"end":{"line":44,"column":52}},"14":{"start":{"line":50,"column":28},"end":{"line":51,"column":7}},"15":{"start":{"line":51,"column":2},"end":{"line":51,"column":21}},"16":{"start":{"line":50,"column":13},"end":{"line":50,"column":28}},"17":{"start":{"line":52,"column":24},"end":{"line":52,"column":64}},"18":{"start":{"line":52,"column":59},"end":{"line":52,"column":77}},"19":{"start":{"line":52,"column":13},"end":{"line":52,"column":24}},"20":{"start":{"line":53,"column":29},"end":{"line":54,"column":7}},"21":{"start":{"line":54,"column":2},"end":{"line":54,"column":25}},"22":{"start":{"line":53,"column":13},"end":{"line":53,"column":29}},"23":{"start":{"line":55,"column":31},"end":{"line":56,"column":7}},"24":{"start":{"line":56,"column":2},"end":{"line":56,"column":27}},"25":{"start":{"line":55,"column":13},"end":{"line":55,"column":31}},"26":{"start":{"line":57,"column":33},"end":{"line":58,"column":7}},"27":{"start":{"line":58,"column":2},"end":{"line":58,"column":24}},"28":{"start":{"line":57,"column":13},"end":{"line":57,"column":33}},"29":{"start":{"line":60,"column":15},"end":{"line":60,"column":56}}},"fnMap":{"0":{"name":"(anonymous_0)","decl":{"start":{"line":25,"column":24},"end":{"line":25,"column":25}},"loc":{"start":{"line":25,"column":30},"end":{"line":27,"column":5}}},"1":{"name":"(anonymous_1)","decl":{"start":{"line":29,"column":17},"end":{"line":29,"column":18}},"loc":{"start":{"line":29,"column":25},"end":{"line":46,"column":3}}},"2":{"name":"(anonymous_2)","decl":{"start":{"line":31,"column":33},"end":{"line":31,"column":34}},"loc":{"start":{"line":31,"column":39},"end":{"line":33,"column":7}}},"3":{"name":"(anonymous_3)","decl":{"start":{"line":34,"column":35},"end":{"line":34,"column":36}},"loc":{"start":{"line":34,"column":49},"end":{"line":39,"column":7}}},"4":{"name":"(anonymous_4)","decl":{"start":{"line":40,"column":34},"end":{"line":40,"column":35}},"loc":{"start":{"line":40,"column":40},"end":{"line":42,"column":7}}},"5":{"name":"(anonymous_5)","decl":{"start":{"line":43,"column":48},"end":{"line":43,"column":49}},"loc":{"start":{"line":43,"column":62},"end":{"line":45,"column":5}}},"6":{"name":"(anonymous_6)","decl":{"start":{"line":50,"column":28},"end":{"line":50,"column":29}},"loc":{"start":{"line":50,"column":58},"end":{"line":51,"column":7}}},"7":{"name":"(anonymous_7)","decl":{"start":{"line":52,"column":24},"end":{"line":52,"column":25}},"loc":{"start":{"line":52,"column":54},"end":{"line":52,"column":64}}},"8":{"name":"(anonymous_8)","decl":{"start":{"line":53,"column":29},"end":{"line":53,"column":30}},"loc":{"start":{"line":53,"column":59},"end":{"line":54,"column":7}}},"9":{"name":"(anonymous_9)","decl":{"start":{"line":55,"column":31},"end":{"line":55,"column":32}},"loc":{"start":{"line":55,"column":61},"end":{"line":56,"column":7}}},"10":{"name":"(anonymous_10)","decl":{"start":{"line":57,"column":33},"end":{"line":57,"column":34}},"loc":{"start":{"line":57,"column":63},"end":{"line":58,"column":7}}}},"branchMap":{},"s":{"0":1,"1":1,"2":1,"3":1,"4":0,"5":1,"6":0,"7":0,"8":0,"9":0,"10":0,"11":0,"12":1,"13":0,"14":1,"15":0,"16":1,"17":1,"18":0,"19":1,"20":1,"21":0,"22":1,"23":1,"24":0,"25":1,"26":1,"27":0,"28":1,"29":1},"f":{"0":0,"1":1,"2":0,"3":0,"4":0,"5":0,"6":0,"7":0,"8":0,"9":0,"10":0},"b":{}}
,"C:\\Users\\George\\Desktop\\Study\\yaReact\\stellar-burgers\\src\\services\\orders\\actions.ts": {"path":"C:\\Users\\George\\Desktop\\Study\\yaReact\\stellar-burgers\\src\\services\\orders\\actions.ts","statementMap":{"0":{"start":{"line":1,"column":0},"end":{"line":1,"column":70}},"1":{"start":{"line":2,"column":0},"end":{"line":2,"column":52}},"2":{"start":{"line":3,"column":0},"end":{"line":3,"column":58}},"3":{"start":{"line":5,"column":22},"end":{"line":15,"column":2}},"4":{"start":{"line":7,"column":27},"end":{"line":15,"column":2}},"5":{"start":{"line":10,"column":11},"end":{"line":10,"column":27}},"6":{"start":{"line":10,"column":4},"end":{"line":10,"column":27}},"7":{"start":{"line":12,"column":10},"end":{"line":12,"column":77}},"8":{"start":{"line":13,"column":4},"end":{"line":13,"column":36}},"9":{"start":{"line":17,"column":13},"end":{"line":30,"column":2}},"10":{"start":{"line":19,"column":42},"end":{"line":19,"column":44}},"11":{"start":{"line":19,"column":59},"end":{"line":19,"column":61}},"12":{"start":{"line":20,"column":21},"end":{"line":23,"column":null}},"13":{"start":{"line":21,"column":12},"end":{"line":21,"column":null}},"14":{"start":{"line":20,"column":10},"end":{"line":23,"column":null}},"15":{"start":{"line":24,"column":4},"end":{"line":27,"column":5}},"16":{"start":{"line":25,"column":6},"end":{"line":25,"column":34}},"17":{"start":{"line":26,"column":6},"end":{"line":26,"column":60}},"18":{"start":{"line":28,"column":4},"end":{"line":28,"column":20}},"19":{"start":{"line":32,"column":13},"end":{"line":36,"column":2}},"20":{"start":{"line":34,"column":29},"end":{"line":34,"column":31}},"21":{"start":{"line":35,"column":4},"end":{"line":35,"column":null}}},"fnMap":{"0":{"name":"(anonymous_13)","decl":{"start":{"line":5,"column":22},"end":{"line":5,"column":null}},"loc":{"start":{"line":7,"column":27},"end":{"line":15,"column":2}}},"1":{"name":"(anonymous_14)","decl":{"start":{"line":7,"column":27},"end":{"line":7,"column":null}},"loc":{"start":{"line":7,"column":27},"end":{"line":15,"column":2}}},"2":{"name":"(anonymous_16)","decl":{"start":{"line":19,"column":2},"end":{"line":19,"column":9}},"loc":{"start":{"line":19,"column":61},"end":{"line":29,"column":null}}},"3":{"name":"(anonymous_19)","decl":{"start":{"line":21,"column":6},"end":{"line":21,"column":12}},"loc":{"start":{"line":21,"column":6},"end":{"line":21,"column":26}}},"4":{"name":"(anonymous_20)","decl":{"start":{"line":34,"column":2},"end":{"line":34,"column":9}},"loc":{"start":{"line":34,"column":31},"end":{"line":35,"column":null}}}},"branchMap":{"0":{"loc":{"start":{"line":10,"column":4},"end":{"line":10,"column":27}},"type":"switch","locations":[{"start":{"line":10,"column":4},"end":{"line":10,"column":27}}]},"1":{"loc":{"start":{"line":12,"column":20},"end":{"line":12,"column":76}},"type":"cond-expr","locations":[{"start":{"line":12,"column":45},"end":{"line":12,"column":58}},{"start":{"line":12,"column":61},"end":{"line":12,"column":76}}]},"2":{"loc":{"start":{"line":20,"column":21},"end":{"line":23,"column":null}},"type":"switch","locations":[{"start":{"line":20,"column":21},"end":{"line":23,"column":null}}]},"3":{"loc":{"start":{"line":24,"column":4},"end":{"line":27,"column":5}},"type":"if","locations":[{"start":{"line":24,"column":4},"end":{"line":27,"column":5}}]},"4":{"loc":{"start":{"line":24,"column":8},"end":{"line":24,"column":23}},"type":"cond-expr","locations":[{"start":{"line":24,"column":16},"end":{"line":24,"column":18}},{"start":{"line":24,"column":8},"end":{"line":24,"column":23}}]},"5":{"loc":{"start":{"line":24,"column":8},"end":{"line":24,"column":18}},"type":"binary-expr","locations":[{"start":{"line":24,"column":8},"end":{"line":24,"column":18}},{"start":{"line":24,"column":8},"end":{"line":24,"column":18}}]},"6":{"loc":{"start":{"line":35,"column":4},"end":{"line":35,"column":null}},"type":"switch","locations":[{"start":{"line":35,"column":4},"end":{"line":35,"column":null}},{"start":{"line":35,"column":4},"end":{"line":35,"column":null}}]}},"s":{"0":3,"1":3,"2":3,"3":3,"4":3,"5":3,"6":3,"7":0,"8":0,"9":3,"10":3,"11":3,"12":3,"13":3,"14":3,"15":3,"16":2,"17":2,"18":1,"19":3,"20":0,"21":0},"f":{"0":3,"1":3,"2":3,"3":3,"4":0},"b":{"0":[3],"1":[0,0],"2":[3],"3":[2],"4":[0,3],"5":[3,3],"6":[0,0]}}
,"C:\\Users\\George\\Desktop\\Study\\yaReact\\stellar-burgers\\src\\services\\orders\\slice.ts": {"path":"C:\\Users\\George\\Desktop\\Study\\yaReact\\stellar-burgers\\src\\services\\orders\\slice.ts","statementMap":{"0":{"start":{"line":1,"column":0},"end":{"line":1,"column":64}},"1":{"start":{"line":3,"column":0},"end":{"line":3,"column":51}},"2":{"start":{"line":12,"column":13},"end":{"line":17,"column":2}},"3":{"start":{"line":19,"column":13},"end":{"line":51,"column":3}},"4":{"start":{"line":24,"column":6},"end":{"line":24,"column":34}},"5":{"start":{"line":28,"column":4},"end":{"line":37,"column":9}},"6":{"start":{"line":30,"column":8},"end":{"line":30,"column":38}},"7":{"start":{"line":33,"column":8},"end":{"line":36,"column":42}},"8":{"start":{"line":38,"column":4},"end":{"line":49,"column":9}},"9":{"start":{"line":40,"column":8},"end":{"line":40,"column":34}},"10":{"start":{"line":43,"column":8},"end":{"line":43,"column":52}},"11":{"start":{"line":44,"column":8},"end":{"line":44,"column":48}},"12":{"start":{"line":45,"column":8},"end":{"line":45,"column":35}},"13":{"start":{"line":48,"column":8},"end":{"line":48,"column":35}},"14":{"start":{"line":54,"column":33},"end":{"line":55,"column":7}},"15":{"start":{"line":55,"column":2},"end":{"line":55,"column":30}},"16":{"start":{"line":54,"column":13},"end":{"line":54,"column":33}},"17":{"start":{"line":56,"column":31},"end":{"line":57,"column":7}},"18":{"start":{"line":57,"column":2},"end":{"line":57,"column":28}},"19":{"start":{"line":56,"column":13},"end":{"line":56,"column":31}},"20":{"start":{"line":58,"column":29},"end":{"line":59,"column":7}},"21":{"start":{"line":59,"column":2},"end":{"line":59,"column":22}},"22":{"start":{"line":58,"column":13},"end":{"line":58,"column":29}},"23":{"start":{"line":60,"column":29},"end":{"line":61,"column":7}},"24":{"start":{"line":61,"column":2},"end":{"line":61,"column":21}},"25":{"start":{"line":60,"column":13},"end":{"line":60,"column":29}},"26":{"start":{"line":63,"column":15},"end":{"line":63,"column":59}}},"fnMap":{"0":{"name":"(anonymous_0)","decl":{"start":{"line":23,"column":23},"end":{"line":23,"column":24}},"loc":{"start":{"line":23,"column":29},"end":{"line":25,"column":5}}},"1":{"name":"(anonymous_1)","decl":{"start":{"line":27,"column":17},"end":{"line":27,"column":18}},"loc":{"start":{"line":27,"column":25},"end":{"line":50,"column":3}}},"2":{"name":"(anonymous_2)","decl":{"start":{"line":29,"column":36},"end":{"line":29,"column":37}},"loc":{"start":{"line":29,"column":50},"end":{"line":31,"column":7}}},"3":{"name":"(anonymous_3)","decl":{"start":{"line":32,"column":35},"end":{"line":32,"column":36}},"loc":{"start":{"line":32,"column":49},"end":{"line":37,"column":7}}},"4":{"name":"(anonymous_4)","decl":{"start":{"line":39,"column":36},"end":{"line":39,"column":37}},"loc":{"start":{"line":39,"column":42},"end":{"line":41,"column":7}}},"5":{"name":"(anonymous_5)","decl":{"start":{"line":42,"column":38},"end":{"line":42,"column":39}},"loc":{"start":{"line":42,"column":52},"end":{"line":46,"column":7}}},"6":{"name":"(anonymous_6)","decl":{"start":{"line":47,"column":37},"end":{"line":47,"column":38}},"loc":{"start":{"line":47,"column":43},"end":{"line":49,"column":7}}},"7":{"name":"(anonymous_7)","decl":{"start":{"line":54,"column":33},"end":{"line":54,"column":34}},"loc":{"start":{"line":54,"column":65},"end":{"line":55,"column":7}}},"8":{"name":"(anonymous_8)","decl":{"start":{"line":56,"column":31},"end":{"line":56,"column":32}},"loc":{"start":{"line":56,"column":63},"end":{"line":57,"column":7}}},"9":{"name":"(anonymous_9)","decl":{"start":{"line":58,"column":29},"end":{"line":58,"column":30}},"loc":{"start":{"line":58,"column":61},"end":{"line":59,"column":7}}},"10":{"name":"(anonymous_10)","decl":{"start":{"line":60,"column":29},"end":{"line":60,"column":30}},"loc":{"start":{"line":60,"column":61},"end":{"line":61,"column":7}}}},"branchMap":{"0":{"loc":{"start":{"line":34,"column":10},"end":{"line":36,"column":41}},"type":"binary-expr","locations":[{"start":{"line":34,"column":11},"end":{"line":36,"column":34}},{"start":{"line":36,"column":39},"end":{"line":36,"column":41}}]},"1":{"loc":{"start":{"line":34,"column":11},"end":{"line":36,"column":34}},"type":"cond-expr","locations":[{"start":{"line":35,"column":15},"end":{"line":35,"column":57}},{"start":{"line":36,"column":14},"end":{"line":36,"column":34}}]}},"s":{"0":2,"1":2,"2":2,"3":2,"4":0,"5":2,"6":1,"7":0,"8":2,"9":1,"10":1,"11":1,"12":1,"13":1,"14":2,"15":0,"16":2,"17":2,"18":0,"19":2,"20":2,"21":0,"22":2,"23":2,"24":0,"25":2,"26":2},"f":{"0":0,"1":2,"2":1,"3":0,"4":1,"5":1,"6":1,"7":0,"8":0,"9":0,"10":0},"b":{"0":[0,0],"1":[0,0]}}
,"C:\\Users\\George\\Desktop\\Study\\yaReact\\stellar-burgers\\src\\services\\user\\actions.ts": {"path":"C:\\Users\\George\\Desktop\\Study\\yaReact\\stellar-burgers\\src\\services\\user\\actions.ts","statementMap":{"0":{"start":{"line":1,"column":0},"end":{"line":1,"column":52}},"1":{"start":{"line":3,"column":0},"end":{"line":3,"column":null}},"2":{"start":{"line":12,"column":0},"end":{"line":12,"column":61}},"3":{"start":{"line":14,"column":25},"end":{"line":36,"column":2}},"4":{"start":{"line":17,"column":2},"end":{"line":17,"column":null}},"5":{"start":{"line":20,"column":21},"end":{"line":20,"column":null}},"6":{"start":{"line":20,"column":10},"end":{"line":20,"column":null}},"7":{"start":{"line":21,"column":4},"end":{"line":23,"column":5}},"8":{"start":{"line":22,"column":6},"end":{"line":22,"column":39}},"9":{"start":{"line":25,"column":4},"end":{"line":28,"column":5}},"10":{"start":{"line":26,"column":14},"end":{"line":26,"column":44}},"11":{"start":{"line":27,"column":6},"end":{"line":27,"column":43}},"12":{"start":{"line":30,"column":4},"end":{"line":30,"column":20}},"13":{"start":{"line":32,"column":4},"end":{"line":34,"column":6}},"14":{"start":{"line":38,"column":13},"end":{"line":42,"column":2}},"15":{"start":{"line":40,"column":29},"end":{"line":40,"column":31}},"16":{"start":{"line":41,"column":4},"end":{"line":41,"column":null}},"17":{"start":{"line":44,"column":13},"end":{"line":54,"column":2}},"18":{"start":{"line":46,"column":32},"end":{"line":46,"column":34}},"19":{"start":{"line":47,"column":21},"end":{"line":51,"column":null}},"20":{"start":{"line":48,"column":12},"end":{"line":48,"column":null}},"21":{"start":{"line":47,"column":10},"end":{"line":51,"column":null}},"22":{"start":{"line":52,"column":4},"end":{"line":52,"column":25}},"23":{"start":{"line":56,"column":13},"end":{"line":66,"column":2}},"24":{"start":{"line":58,"column":32},"end":{"line":58,"column":34}},"25":{"start":{"line":59,"column":21},"end":{"line":63,"column":null}},"26":{"start":{"line":60,"column":12},"end":{"line":60,"column":null}},"27":{"start":{"line":59,"column":10},"end":{"line":63,"column":null}},"28":{"start":{"line":64,"column":4},"end":{"line":64,"column":25}},"29":{"start":{"line":68,"column":13},"end":{"line":76,"column":2}},"30":{"start":{"line":70,"column":29},"end":{"line":70,"column":31}},"31":{"start":{"line":71,"column":21},"end":{"line":71,"column":null}},"32":{"start":{"line":71,"column":10},"end":{"line":71,"column":null}},"33":{"start":{"line":72,"column":4},"end":{"line":74,"column":5}},"34":{"start":{"line":73,"column":6},"end":{"line":73,"column":20}},"35":{"start":{"line":78,"column":18},"end":{"line":81,"column":1}},"36":{"start":{"line":79,"column":2},"end":{"line":79,"column":53}},"37":{"start":{"line":80,"column":2},"end":{"line":80,"column":40}},"38":{"start":{"line":83,"column":20},"end":{"line":86,"column":1}},"39":{"start":{"line":84,"column":2},"end":{"line":84,"column":23}},"40":{"start":{"line":85,"column":2},"end":{"line":85,"column":30}}},"fnMap":{"0":{"name":"(anonymous_13)","decl":{"start":{"line":14,"column":25},"end":{"line":14,"column":null}},"loc":{"start":{"line":17,"column":28},"end":{"line":36,"column":2}}},"1":{"name":"(anonymous_16)","decl":{"start":{"line":40,"column":2},"end":{"line":40,"column":9}},"loc":{"start":{"line":40,"column":31},"end":{"line":41,"column":null}}},"2":{"name":"(anonymous_19)","decl":{"start":{"line":46,"column":2},"end":{"line":46,"column":9}},"loc":{"start":{"line":46,"column":34},"end":{"line":53,"column":null}}},"3":{"name":"(anonymous_22)","decl":{"start":{"line":48,"column":6},"end":{"line":48,"column":12}},"loc":{"start":{"line":48,"column":6},"end":{"line":48,"column":27}}},"4":{"name":"(anonymous_23)","decl":{"start":{"line":58,"column":2},"end":{"line":58,"column":9}},"loc":{"start":{"line":58,"column":34},"end":{"line":65,"column":null}}},"5":{"name":"(anonymous_26)","decl":{"start":{"line":60,"column":6},"end":{"line":60,"column":12}},"loc":{"start":{"line":60,"column":6},"end":{"line":60,"column":24}}},"6":{"name":"(anonymous_27)","decl":{"start":{"line":70,"column":2},"end":{"line":70,"column":9}},"loc":{"start":{"line":70,"column":31},"end":{"line":75,"column":null}}},"7":{"name":"(anonymous_30)","decl":{"start":{"line":78,"column":18},"end":{"line":78,"column":19}},"loc":{"start":{"line":78,"column":60},"end":{"line":81,"column":1}}},"8":{"name":"(anonymous_31)","decl":{"start":{"line":83,"column":20},"end":{"line":83,"column":null}},"loc":{"start":{"line":83,"column":20},"end":{"line":86,"column":1}}}},"branchMap":{"0":{"loc":{"start":{"line":17,"column":2},"end":{"line":17,"column":null}},"type":"if","locations":[{"start":{"line":17,"column":2},"end":{"line":17,"column":null}}]},"1":{"loc":{"start":{"line":21,"column":4},"end":{"line":23,"column":5}},"type":"if","locations":[{"start":{"line":21,"column":4},"end":{"line":23,"column":5}}]},"2":{"loc":{"start":{"line":25,"column":4},"end":{"line":28,"column":5}},"type":"if","locations":[{"start":{"line":25,"column":4},"end":{"line":28,"column":5}}]},"3":{"loc":{"start":{"line":33,"column":6},"end":{"line":33,"column":62}},"type":"cond-expr","locations":[{"start":{"line":33,"column":31},"end":{"line":33,"column":44}},{"start":{"line":33,"column":47},"end":{"line":33,"column":62}}]},"4":{"loc":{"start":{"line":41,"column":4},"end":{"line":41,"column":null}},"type":"switch","locations":[{"start":{"line":41,"column":4},"end":{"line":41,"column":null}},{"start":{"line":41,"column":4},"end":{"line":41,"column":null}}]},"5":{"loc":{"start":{"line":47,"column":21},"end":{"line":51,"column":null}},"type":"switch","locations":[{"start":{"line":47,"column":21},"end":{"line":51,"column":null}}]},"6":{"loc":{"start":{"line":59,"column":21},"end":{"line":63,"column":null}},"type":"switch","locations":[{"start":{"line":59,"column":21},"end":{"line":63,"column":null}}]},"7":{"loc":{"start":{"line":71,"column":21},"end":{"line":71,"column":null}},"type":"switch","locations":[{"start":{"line":71,"column":21},"end":{"line":71,"column":null}}]},"8":{"loc":{"start":{"line":72,"column":4},"end":{"line":74,"column":5}},"type":"if","locations":[{"start":{"line":72,"column":4},"end":{"line":74,"column":5}}]}},"s":{"0":2,"1":2,"2":2,"3":2,"4":0,"5":0,"6":0,"7":0,"8":0,"9":0,"10":0,"11":0,"12":0,"13":0,"14":2,"15":0,"16":0,"17":2,"18":0,"19":0,"20":0,"21":0,"22":0,"23":2,"24":0,"25":0,"26":0,"27":0,"28":0,"29":2,"30":0,"31":0,"32":0,"33":0,"34":0,"35":2,"36":0,"37":0,"38":2,"39":0,"40":0},"f":{"0":0,"1":0,"2":0,"3":0,"4":0,"5":0,"6":0,"7":0,"8":0},"b":{"0":[0],"1":[0],"2":[0],"3":[0,0],"4":[0,0],"5":[0],"6":[0],"7":[0],"8":[0]}}
,"C:\\Users\\George\\Desktop\\Study\\yaReact\\stellar-burgers\\src\\services\\user\\slice.ts": {"path":"C:\\Users\\George\\Desktop\\Study\\yaReact\\stellar-burgers\\src\\services\\user\\slice.ts","statementMap":{"0":{"start":{"line":1,"column":0},"end":{"line":1,"column":79}},"1":{"start":{"line":2,"column":0},"end":{"line":2,"column":65}},"2":{"start":{"line":12,"column":13},"end":{"line":17,"column":2}},"3":{"start":{"line":19,"column":13},"end":{"line":67,"column":3}},"4":{"start":{"line":24,"column":6},"end":{"line":24,"column":34}},"5":{"start":{"line":28,"column":4},"end":{"line":40,"column":9}},"6":{"start":{"line":30,"column":8},"end":{"line":30,"column":36}},"7":{"start":{"line":31,"column":8},"end":{"line":31,"column":35}},"8":{"start":{"line":32,"column":8},"end":{"line":32,"column":37}},"9":{"start":{"line":35,"column":8},"end":{"line":35,"column":35}},"10":{"start":{"line":36,"column":8},"end":{"line":39,"column":42}},"11":{"start":{"line":41,"column":4},"end":{"line":45,"column":7}},"12":{"start":{"line":42,"column":6},"end":{"line":42,"column":34}},"13":{"start":{"line":43,"column":6},"end":{"line":43,"column":33}},"14":{"start":{"line":44,"column":6},"end":{"line":44,"column":35}},"15":{"start":{"line":46,"column":4},"end":{"line":60,"column":9}},"16":{"start":{"line":48,"column":8},"end":{"line":48,"column":36}},"17":{"start":{"line":49,"column":8},"end":{"line":49,"column":35}},"18":{"start":{"line":50,"column":8},"end":{"line":50,"column":37}},"19":{"start":{"line":53,"column":8},"end":{"line":53,"column":26}},"20":{"start":{"line":54,"column":8},"end":{"line":54,"column":35}},"21":{"start":{"line":55,"column":8},"end":{"line":55,"column":38}},"22":{"start":{"line":56,"column":8},"end":{"line":59,"column":42}},"23":{"start":{"line":61,"column":4},"end":{"line":65,"column":7}},"24":{"start":{"line":62,"column":6},"end":{"line":62,"column":24}},"25":{"start":{"line":63,"column":6},"end":{"line":63,"column":33}},"26":{"start":{"line":64,"column":6},"end":{"line":64,"column":36}},"27":{"start":{"line":70,"column":30},"end":{"line":70,"column":68}},"28":{"start":{"line":70,"column":63},"end":{"line":70,"column":79}},"29":{"start":{"line":70,"column":13},"end":{"line":70,"column":30}},"30":{"start":{"line":71,"column":32},"end":{"line":72,"column":7}},"31":{"start":{"line":72,"column":2},"end":{"line":72,"column":27}},"32":{"start":{"line":71,"column":13},"end":{"line":71,"column":32}},"33":{"start":{"line":73,"column":34},"end":{"line":74,"column":7}},"34":{"start":{"line":74,"column":2},"end":{"line":74,"column":29}},"35":{"start":{"line":73,"column":13},"end":{"line":73,"column":34}},"36":{"start":{"line":75,"column":28},"end":{"line":75,"column":66}},"37":{"start":{"line":75,"column":61},"end":{"line":75,"column":78}},"38":{"start":{"line":75,"column":13},"end":{"line":75,"column":28}},"39":{"start":{"line":77,"column":15},"end":{"line":77,"column":45}}},"fnMap":{"0":{"name":"(anonymous_0)","decl":{"start":{"line":23,"column":13},"end":{"line":23,"column":14}},"loc":{"start":{"line":23,"column":49},"end":{"line":25,"column":5}}},"1":{"name":"(anonymous_1)","decl":{"start":{"line":27,"column":17},"end":{"line":27,"column":18}},"loc":{"start":{"line":27,"column":25},"end":{"line":66,"column":3}}},"2":{"name":"(anonymous_2)","decl":{"start":{"line":29,"column":34},"end":{"line":29,"column":35}},"loc":{"start":{"line":29,"column":48},"end":{"line":33,"column":7}}},"3":{"name":"(anonymous_3)","decl":{"start":{"line":34,"column":33},"end":{"line":34,"column":34}},"loc":{"start":{"line":34,"column":47},"end":{"line":40,"column":7}}},"4":{"name":"(anonymous_4)","decl":{"start":{"line":41,"column":44},"end":{"line":41,"column":45}},"loc":{"start":{"line":41,"column":58},"end":{"line":45,"column":5}}},"5":{"name":"(anonymous_5)","decl":{"start":{"line":47,"column":32},"end":{"line":47,"column":33}},"loc":{"start":{"line":47,"column":46},"end":{"line":51,"column":7}}},"6":{"name":"(anonymous_6)","decl":{"start":{"line":52,"column":31},"end":{"line":52,"column":32}},"loc":{"start":{"line":52,"column":45},"end":{"line":60,"column":7}}},"7":{"name":"(anonymous_7)","decl":{"start":{"line":61,"column":38},"end":{"line":61,"column":39}},"loc":{"start":{"line":61,"column":44},"end":{"line":65,"column":5}}},"8":{"name":"(anonymous_8)","decl":{"start":{"line":70,"column":30},"end":{"line":70,"column":31}},"loc":{"start":{"line":70,"column":58},"end":{"line":70,"column":68}}},"9":{"name":"(anonymous_9)","decl":{"start":{"line":71,"column":32},"end":{"line":71,"column":33}},"loc":{"start":{"line":71,"column":60},"end":{"line":72,"column":7}}},"10":{"name":"(anonymous_10)","decl":{"start":{"line":73,"column":34},"end":{"line":73,"column":35}},"loc":{"start":{"line":73,"column":62},"end":{"line":74,"column":7}}},"11":{"name":"(anonymous_11)","decl":{"start":{"line":75,"column":28},"end":{"line":75,"column":29}},"loc":{"start":{"line":75,"column":56},"end":{"line":75,"column":66}}}},"branchMap":{"0":{"loc":{"start":{"line":37,"column":10},"end":{"line":39,"column":41}},"type":"binary-expr","locations":[{"start":{"line":37,"column":11},"end":{"line":39,"column":34}},{"start":{"line":39,"column":39},"end":{"line":39,"column":41}}]},"1":{"loc":{"start":{"line":37,"column":11},"end":{"line":39,"column":34}},"type":"cond-expr","locations":[{"start":{"line":38,"column":15},"end":{"line":38,"column":57}},{"start":{"line":39,"column":14},"end":{"line":39,"column":34}}]},"2":{"loc":{"start":{"line":57,"column":10},"end":{"line":59,"column":41}},"type":"binary-expr","locations":[{"start":{"line":57,"column":11},"end":{"line":59,"column":34}},{"start":{"line":59,"column":39},"end":{"line":59,"column":41}}]},"3":{"loc":{"start":{"line":57,"column":11},"end":{"line":59,"column":34}},"type":"cond-expr","locations":[{"start":{"line":58,"column":15},"end":{"line":58,"column":57}},{"start":{"line":59,"column":14},"end":{"line":59,"column":34}}]}},"s":{"0":2,"1":2,"2":2,"3":2,"4":1,"5":2,"6":1,"7":1,"8":1,"9":0,"10":0,"11":2,"12":1,"13":1,"14":1,"15":2,"16":1,"17":1,"18":1,"19":0,"20":0,"21":0,"22":0,"23":2,"24":1,"25":1,"26":1,"27":2,"28":0,"29":2,"30":2,"31":0,"32":2,"33":2,"34":0,"35":2,"36":2,"37":0,"38":2,"39":2},"f":{"0":1,"1":2,"2":1,"3":0,"4":1,"5":1,"6":0,"7":1,"8":0,"9":0,"10":0,"11":0},"b":{"0":[0,0],"1":[0,0],"2":[0,0],"3":[0,0]}}
,"C:\\Users\\George\\Desktop\\Study\\yaReact\\stellar-burgers\\src\\utils\\burger-api.ts": {"path":"C:\\Users\\George\\Desktop\\Study\\yaReact\\stellar-burgers\\src\\utils\\burger-api.ts","statementMap":{"0":{"start":{"line":1,"column":0},"end":{"line":1,"column":48}},"1":{"start":{"line":4,"column":12},"end":{"line":4,"column":38}},"2":{"start":{"line":6,"column":29},"end":{"line":7,"column":5}},"3":{"start":{"line":7,"column":2},"end":{"line":7,"column":70}},"4":{"start":{"line":7,"column":49},"end":{"line":7,"column":69}},"5":{"start":{"line":6,"column":13},"end":{"line":6,"column":29}},"6":{"start":{"line":18,"column":28},"end":{"line":19,"column":7}},"7":{"start":{"line":19,"column":2},"end":{"line":36,"column":7}},"8":{"start":{"line":28,"column":19},"end":{"line":28,"column":56}},"9":{"start":{"line":30,"column":6},"end":{"line":32,"column":7}},"10":{"start":{"line":31,"column":8},"end":{"line":31,"column":43}},"11":{"start":{"line":33,"column":6},"end":{"line":33,"column":69}},"12":{"start":{"line":34,"column":6},"end":{"line":34,"column":56}},"13":{"start":{"line":35,"column":6},"end":{"line":35,"column":25}},"14":{"start":{"line":18,"column":13},"end":{"line":18,"column":28}},"15":{"start":{"line":38,"column":32},"end":{"line":58,"column":2}},"16":{"start":{"line":40,"column":22},"end":{"line":58,"column":2}},"17":{"start":{"line":43,"column":16},"end":{"line":43,"column":null}},"18":{"start":{"line":43,"column":10},"end":{"line":43,"column":null}},"19":{"start":{"line":44,"column":11},"end":{"line":44,"column":39}},"20":{"start":{"line":44,"column":4},"end":{"line":44,"column":39}},"21":{"start":{"line":46,"column":8},"end":{"line":46,"column":9}},"22":{"start":{"line":47,"column":26},"end":{"line":47,"column":null}},"23":{"start":{"line":47,"column":12},"end":{"line":47,"column":null}},"24":{"start":{"line":48,"column":6},"end":{"line":51,"column":7}},"25":{"start":{"line":49,"column":9},"end":{"line":50,"column":34}},"26":{"start":{"line":52,"column":18},"end":{"line":52,"column":null}},"27":{"start":{"line":52,"column":12},"end":{"line":52,"column":null}},"28":{"start":{"line":53,"column":13},"end":{"line":53,"column":41}},"29":{"start":{"line":53,"column":6},"end":{"line":53,"column":41}},"30":{"start":{"line":55,"column":6},"end":{"line":55,"column":33}},"31":{"start":{"line":38,"column":13},"end":{"line":38,"column":32}},"32":{"start":{"line":70,"column":33},"end":{"line":71,"column":7}},"33":{"start":{"line":71,"column":2},"end":{"line":76,"column":7}},"34":{"start":{"line":72,"column":19},"end":{"line":72,"column":60}},"35":{"start":{"line":74,"column":6},"end":{"line":74,"column":42}},"36":{"start":{"line":74,"column":25},"end":{"line":74,"column":42}},"37":{"start":{"line":75,"column":6},"end":{"line":75,"column":34}},"38":{"start":{"line":70,"column":13},"end":{"line":70,"column":33}},"39":{"start":{"line":78,"column":27},"end":{"line":79,"column":7}},"40":{"start":{"line":79,"column":2},"end":{"line":84,"column":7}},"41":{"start":{"line":80,"column":19},"end":{"line":80,"column":54}},"42":{"start":{"line":82,"column":6},"end":{"line":82,"column":37}},"43":{"start":{"line":82,"column":25},"end":{"line":82,"column":37}},"44":{"start":{"line":83,"column":6},"end":{"line":83,"column":34}},"45":{"start":{"line":78,"column":13},"end":{"line":78,"column":27}},"46":{"start":{"line":86,"column":28},"end":{"line":87,"column":18}},"47":{"start":{"line":87,"column":2},"end":{"line":96,"column":5}},"48":{"start":{"line":94,"column":4},"end":{"line":94,"column":42}},"49":{"start":{"line":94,"column":23},"end":{"line":94,"column":42}},"50":{"start":{"line":95,"column":4},"end":{"line":95,"column":32}},"51":{"start":{"line":86,"column":13},"end":{"line":86,"column":28}},"52":{"start":{"line":103,"column":30},"end":{"line":104,"column":18}},"53":{"start":{"line":104,"column":2},"end":{"line":116,"column":5}},"54":{"start":{"line":114,"column":4},"end":{"line":114,"column":35}},"55":{"start":{"line":114,"column":23},"end":{"line":114,"column":35}},"56":{"start":{"line":115,"column":4},"end":{"line":115,"column":32}},"57":{"start":{"line":103,"column":13},"end":{"line":103,"column":30}},"58":{"start":{"line":122,"column":35},"end":{"line":123,"column":7}},"59":{"start":{"line":123,"column":2},"end":{"line":128,"column":55}},"60":{"start":{"line":128,"column":19},"end":{"line":128,"column":54}},"61":{"start":{"line":122,"column":13},"end":{"line":122,"column":35}},"62":{"start":{"line":142,"column":31},"end":{"line":143,"column":7}},"63":{"start":{"line":143,"column":2},"end":{"line":154,"column":7}},"64":{"start":{"line":150,"column":19},"end":{"line":150,"column":53}},"65":{"start":{"line":152,"column":6},"end":{"line":152,"column":37}},"66":{"start":{"line":152,"column":25},"end":{"line":152,"column":37}},"67":{"start":{"line":153,"column":6},"end":{"line":153,"column":34}},"68":{"start":{"line":142,"column":13},"end":{"line":142,"column":31}},"69":{"start":{"line":161,"column":28},"end":{"line":162,"column":7}},"70":{"start":{"line":162,"column":2},"end":{"line":173,"column":7}},"71":{"start":{"line":169,"column":19},"end":{"line":169,"column":53}},"72":{"start":{"line":171,"column":6},"end":{"line":171,"column":37}},"73":{"start":{"line":171,"column":25},"end":{"line":171,"column":37}},"74":{"start":{"line":172,"column":6},"end":{"line":172,"column":34}},"75":{"start":{"line":161,"column":13},"end":{"line":161,"column":28}},"76":{"start":{"line":175,"column":33},"end":{"line":176,"column":7}},"77":{"start":{"line":176,"column":2},"end":{"line":187,"column":7}},"78":{"start":{"line":183,"column":19},"end":{"line":183,"column":59}},"79":{"start":{"line":185,"column":6},"end":{"line":185,"column":37}},"80":{"start":{"line":185,"column":25},"end":{"line":185,"column":37}},"81":{"start":{"line":186,"column":6},"end":{"line":186,"column":34}},"82":{"start":{"line":175,"column":13},"end":{"line":175,"column":33}},"83":{"start":{"line":189,"column":32},"end":{"line":190,"column":7}},"84":{"start":{"line":190,"column":2},"end":{"line":201,"column":7}},"85":{"start":{"line":197,"column":19},"end":{"line":197,"column":59}},"86":{"start":{"line":199,"column":6},"end":{"line":199,"column":37}},"87":{"start":{"line":199,"column":25},"end":{"line":199,"column":37}},"88":{"start":{"line":200,"column":6},"end":{"line":200,"column":34}},"89":{"start":{"line":189,"column":13},"end":{"line":189,"column":32}},"90":{"start":{"line":205,"column":26},"end":{"line":206,"column":18}},"91":{"start":{"line":206,"column":2},"end":{"line":210,"column":5}},"92":{"start":{"line":205,"column":13},"end":{"line":205,"column":26}},"93":{"start":{"line":212,"column":29},"end":{"line":213,"column":18}},"94":{"start":{"line":213,"column":2},"end":{"line":220,"column":5}},"95":{"start":{"line":212,"column":13},"end":{"line":212,"column":29}},"96":{"start":{"line":222,"column":25},"end":{"line":223,"column":7}},"97":{"start":{"line":223,"column":2},"end":{"line":231,"column":60}},"98":{"start":{"line":231,"column":19},"end":{"line":231,"column":59}},"99":{"start":{"line":222,"column":13},"end":{"line":222,"column":25}}},"fnMap":{"0":{"name":"(anonymous_13)","decl":{"start":{"line":6,"column":29},"end":{"line":6,"column":33}},"loc":{"start":{"line":6,"column":46},"end":{"line":7,"column":5}}},"1":{"name":"(anonymous_14)","decl":{"start":{"line":7,"column":40},"end":{"line":7,"column":41}},"loc":{"start":{"line":7,"column":44},"end":{"line":7,"column":56}}},"2":{"name":"(anonymous_15)","decl":{"start":{"line":18,"column":28},"end":{"line":18,"column":null}},"loc":{"start":{"line":18,"column":28},"end":{"line":19,"column":7}}},"3":{"name":"(anonymous_16)","decl":{"start":{"line":28,"column":10},"end":{"line":28,"column":11}},"loc":{"start":{"line":28,"column":14},"end":{"line":28,"column":32}}},"4":{"name":"(anonymous_17)","decl":{"start":{"line":29,"column":10},"end":{"line":29,"column":11}},"loc":{"start":{"line":29,"column":22},"end":{"line":36,"column":5}}},"5":{"name":"(anonymous_18)","decl":{"start":{"line":38,"column":32},"end":{"line":38,"column":null}},"loc":{"start":{"line":40,"column":22},"end":{"line":58,"column":2}}},"6":{"name":"(anonymous_19)","decl":{"start":{"line":40,"column":22},"end":{"line":40,"column":null}},"loc":{"start":{"line":40,"column":22},"end":{"line":58,"column":2}}},"7":{"name":"(anonymous_21)","decl":{"start":{"line":70,"column":33},"end":{"line":70,"column":null}},"loc":{"start":{"line":70,"column":33},"end":{"line":71,"column":7}}},"8":{"name":"(anonymous_22)","decl":{"start":{"line":72,"column":10},"end":{"line":72,"column":11}},"loc":{"start":{"line":72,"column":14},"end":{"line":72,"column":32}}},"9":{"name":"(anonymous_23)","decl":{"start":{"line":73,"column":10},"end":{"line":73,"column":11}},"loc":{"start":{"line":73,"column":15},"end":{"line":76,"column":5}}},"10":{"name":"(anonymous_24)","decl":{"start":{"line":78,"column":27},"end":{"line":78,"column":null}},"loc":{"start":{"line":78,"column":27},"end":{"line":79,"column":7}}},"11":{"name":"(anonymous_25)","decl":{"start":{"line":80,"column":10},"end":{"line":80,"column":11}},"loc":{"start":{"line":80,"column":14},"end":{"line":80,"column":32}}},"12":{"name":"(anonymous_26)","decl":{"start":{"line":81,"column":10},"end":{"line":81,"column":11}},"loc":{"start":{"line":81,"column":15},"end":{"line":84,"column":5}}},"13":{"name":"(anonymous_27)","decl":{"start":{"line":86,"column":28},"end":{"line":86,"column":null}},"loc":{"start":{"line":86,"column":28},"end":{"line":87,"column":18}}},"14":{"name":"(anonymous_28)","decl":{"start":{"line":93,"column":10},"end":{"line":93,"column":11}},"loc":{"start":{"line":93,"column":15},"end":{"line":96,"column":3}}},"15":{"name":"(anonymous_29)","decl":{"start":{"line":103,"column":30},"end":{"line":103,"column":31}},"loc":{"start":{"line":103,"column":45},"end":{"line":104,"column":18}}},"16":{"name":"(anonymous_30)","decl":{"start":{"line":113,"column":10},"end":{"line":113,"column":11}},"loc":{"start":{"line":113,"column":15},"end":{"line":116,"column":3}}},"17":{"name":"(anonymous_31)","decl":{"start":{"line":122,"column":35},"end":{"line":122,"column":36}},"loc":{"start":{"line":122,"column":50},"end":{"line":123,"column":7}}},"18":{"name":"(anonymous_32)","decl":{"start":{"line":128,"column":10},"end":{"line":128,"column":11}},"loc":{"start":{"line":128,"column":14},"end":{"line":128,"column":32}}},"19":{"name":"(anonymous_33)","decl":{"start":{"line":142,"column":31},"end":{"line":142,"column":32}},"loc":{"start":{"line":142,"column":51},"end":{"line":143,"column":7}}},"20":{"name":"(anonymous_34)","decl":{"start":{"line":150,"column":10},"end":{"line":150,"column":11}},"loc":{"start":{"line":150,"column":14},"end":{"line":150,"column":32}}},"21":{"name":"(anonymous_35)","decl":{"start":{"line":151,"column":10},"end":{"line":151,"column":11}},"loc":{"start":{"line":151,"column":15},"end":{"line":154,"column":5}}},"22":{"name":"(anonymous_36)","decl":{"start":{"line":161,"column":28},"end":{"line":161,"column":29}},"loc":{"start":{"line":161,"column":45},"end":{"line":162,"column":7}}},"23":{"name":"(anonymous_37)","decl":{"start":{"line":169,"column":10},"end":{"line":169,"column":11}},"loc":{"start":{"line":169,"column":14},"end":{"line":169,"column":32}}},"24":{"name":"(anonymous_38)","decl":{"start":{"line":170,"column":10},"end":{"line":170,"column":11}},"loc":{"start":{"line":170,"column":15},"end":{"line":173,"column":5}}},"25":{"name":"(anonymous_39)","decl":{"start":{"line":175,"column":33},"end":{"line":175,"column":34}},"loc":{"start":{"line":175,"column":57},"end":{"line":176,"column":7}}},"26":{"name":"(anonymous_40)","decl":{"start":{"line":183,"column":10},"end":{"line":183,"column":11}},"loc":{"start":{"line":183,"column":14},"end":{"line":183,"column":32}}},"27":{"name":"(anonymous_41)","decl":{"start":{"line":184,"column":10},"end":{"line":184,"column":11}},"loc":{"start":{"line":184,"column":15},"end":{"line":187,"column":5}}},"28":{"name":"(anonymous_42)","decl":{"start":{"line":189,"column":32},"end":{"line":189,"column":33}},"loc":{"start":{"line":189,"column":74},"end":{"line":190,"column":7}}},"29":{"name":"(anonymous_43)","decl":{"start":{"line":197,"column":10},"end":{"line":197,"column":11}},"loc":{"start":{"line":197,"column":14},"end":{"line":197,"column":32}}},"30":{"name":"(anonymous_44)","decl":{"start":{"line":198,"column":10},"end":{"line":198,"column":11}},"loc":{"start":{"line":198,"column":15},"end":{"line":201,"column":5}}},"31":{"name":"(anonymous_45)","decl":{"start":{"line":205,"column":26},"end":{"line":205,"column":null}},"loc":{"start":{"line":205,"column":26},"end":{"line":206,"column":18}}},"32":{"name":"(anonymous_46)","decl":{"start":{"line":212,"column":29},"end":{"line":212,"column":30}},"loc":{"start":{"line":212,"column":58},"end":{"line":213,"column":18}}},"33":{"name":"(anonymous_47)","decl":{"start":{"line":222,"column":25},"end":{"line":222,"column":null}},"loc":{"start":{"line":222,"column":25},"end":{"line":223,"column":7}}},"34":{"name":"(anonymous_48)","decl":{"start":{"line":231,"column":10},"end":{"line":231,"column":11}},"loc":{"start":{"line":231,"column":14},"end":{"line":231,"column":32}}}},"branchMap":{"0":{"loc":{"start":{"line":7,"column":2},"end":{"line":7,"column":69}},"type":"cond-expr","locations":[{"start":{"line":7,"column":11},"end":{"line":7,"column":21}},{"start":{"line":7,"column":24},"end":{"line":7,"column":69}}]},"1":{"loc":{"start":{"line":30,"column":6},"end":{"line":32,"column":7}},"type":"if","locations":[{"start":{"line":30,"column":6},"end":{"line":32,"column":7}}]},"2":{"loc":{"start":{"line":44,"column":4},"end":{"line":44,"column":39}},"type":"switch","locations":[{"start":{"line":44,"column":4},"end":{"line":44,"column":39}},{"start":{"line":53,"column":6},"end":{"line":53,"column":41}},{"start":{"line":55,"column":6},"end":{"line":55,"column":33}}]},"3":{"loc":{"start":{"line":46,"column":8},"end":{"line":46,"column":9}},"type":"if","locations":[{"start":{"line":46,"column":8},"end":{"line":46,"column":9}}]},"4":{"loc":{"start":{"line":48,"column":6},"end":{"line":51,"column":7}},"type":"if","locations":[{"start":{"line":48,"column":6},"end":{"line":51,"column":7}}]},"5":{"loc":{"start":{"line":74,"column":6},"end":{"line":74,"column":42}},"type":"if","locations":[{"start":{"line":74,"column":6},"end":{"line":74,"column":42}}]},"6":{"loc":{"start":{"line":74,"column":10},"end":{"line":74,"column":23}},"type":"cond-expr","locations":[{"start":{"line":74,"column":14},"end":{"line":74,"column":16}},{"start":{"line":74,"column":10},"end":{"line":74,"column":23}}]},"7":{"loc":{"start":{"line":74,"column":10},"end":{"line":74,"column":16}},"type":"binary-expr","locations":[{"start":{"line":74,"column":10},"end":{"line":74,"column":16}},{"start":{"line":74,"column":10},"end":{"line":74,"column":16}}]},"8":{"loc":{"start":{"line":82,"column":6},"end":{"line":82,"column":37}},"type":"if","locations":[{"start":{"line":82,"column":6},"end":{"line":82,"column":37}}]},"9":{"loc":{"start":{"line":82,"column":10},"end":{"line":82,"column":23}},"type":"cond-expr","locations":[{"start":{"line":82,"column":14},"end":{"line":82,"column":16}},{"start":{"line":82,"column":10},"end":{"line":82,"column":23}}]},"10":{"loc":{"start":{"line":82,"column":10},"end":{"line":82,"column":16}},"type":"binary-expr","locations":[{"start":{"line":82,"column":10},"end":{"line":82,"column":16}},{"start":{"line":82,"column":10},"end":{"line":82,"column":16}}]},"11":{"loc":{"start":{"line":94,"column":4},"end":{"line":94,"column":42}},"type":"if","locations":[{"start":{"line":94,"column":4},"end":{"line":94,"column":42}}]},"12":{"loc":{"start":{"line":94,"column":8},"end":{"line":94,"column":21}},"type":"cond-expr","locations":[{"start":{"line":94,"column":12},"end":{"line":94,"column":14}},{"start":{"line":94,"column":8},"end":{"line":94,"column":21}}]},"13":{"loc":{"start":{"line":94,"column":8},"end":{"line":94,"column":14}},"type":"binary-expr","locations":[{"start":{"line":94,"column":8},"end":{"line":94,"column":14}},{"start":{"line":94,"column":8},"end":{"line":94,"column":14}}]},"14":{"loc":{"start":{"line":114,"column":4},"end":{"line":114,"column":35}},"type":"if","locations":[{"start":{"line":114,"column":4},"end":{"line":114,"column":35}}]},"15":{"loc":{"start":{"line":114,"column":8},"end":{"line":114,"column":21}},"type":"cond-expr","locations":[{"start":{"line":114,"column":12},"end":{"line":114,"column":14}},{"start":{"line":114,"column":8},"end":{"line":114,"column":21}}]},"16":{"loc":{"start":{"line":114,"column":8},"end":{"line":114,"column":14}},"type":"binary-expr","locations":[{"start":{"line":114,"column":8},"end":{"line":114,"column":14}},{"start":{"line":114,"column":8},"end":{"line":114,"column":14}}]},"17":{"loc":{"start":{"line":152,"column":6},"end":{"line":152,"column":37}},"type":"if","locations":[{"start":{"line":152,"column":6},"end":{"line":152,"column":37}}]},"18":{"loc":{"start":{"line":152,"column":10},"end":{"line":152,"column":23}},"type":"cond-expr","locations":[{"start":{"line":152,"column":14},"end":{"line":152,"column":16}},{"start":{"line":152,"column":10},"end":{"line":152,"column":23}}]},"19":{"loc":{"start":{"line":152,"column":10},"end":{"line":152,"column":16}},"type":"binary-expr","locations":[{"start":{"line":152,"column":10},"end":{"line":152,"column":16}},{"start":{"line":152,"column":10},"end":{"line":152,"column":16}}]},"20":{"loc":{"start":{"line":171,"column":6},"end":{"line":171,"column":37}},"type":"if","locations":[{"start":{"line":171,"column":6},"end":{"line":171,"column":37}}]},"21":{"loc":{"start":{"line":171,"column":10},"end":{"line":171,"column":23}},"type":"cond-expr","locations":[{"start":{"line":171,"column":14},"end":{"line":171,"column":16}},{"start":{"line":171,"column":10},"end":{"line":171,"column":23}}]},"22":{"loc":{"start":{"line":171,"column":10},"end":{"line":171,"column":16}},"type":"binary-expr","locations":[{"start":{"line":171,"column":10},"end":{"line":171,"column":16}},{"start":{"line":171,"column":10},"end":{"line":171,"column":16}}]},"23":{"loc":{"start":{"line":185,"column":6},"end":{"line":185,"column":37}},"type":"if","locations":[{"start":{"line":185,"column":6},"end":{"line":185,"column":37}}]},"24":{"loc":{"start":{"line":185,"column":10},"end":{"line":185,"column":23}},"type":"cond-expr","locations":[{"start":{"line":185,"column":14},"end":{"line":185,"column":16}},{"start":{"line":185,"column":10},"end":{"line":185,"column":23}}]},"25":{"loc":{"start":{"line":185,"column":10},"end":{"line":185,"column":16}},"type":"binary-expr","locations":[{"start":{"line":185,"column":10},"end":{"line":185,"column":16}},{"start":{"line":185,"column":10},"end":{"line":185,"column":16}}]},"26":{"loc":{"start":{"line":199,"column":6},"end":{"line":199,"column":37}},"type":"if","locations":[{"start":{"line":199,"column":6},"end":{"line":199,"column":37}}]},"27":{"loc":{"start":{"line":199,"column":10},"end":{"line":199,"column":23}},"type":"cond-expr","locations":[{"start":{"line":199,"column":14},"end":{"line":199,"column":16}},{"start":{"line":199,"column":10},"end":{"line":199,"column":23}}]},"28":{"loc":{"start":{"line":199,"column":10},"end":{"line":199,"column":16}},"type":"binary-expr","locations":[{"start":{"line":199,"column":10},"end":{"line":199,"column":16}},{"start":{"line":199,"column":10},"end":{"line":199,"column":16}}]}},"s":{"0":4,"1":4,"2":4,"3":0,"4":0,"5":4,"6":4,"7":0,"8":0,"9":0,"10":0,"11":0,"12":0,"13":0,"14":4,"15":4,"16":0,"17":0,"18":0,"19":0,"20":0,"21":0,"22":0,"23":0,"24":0,"25":0,"26":0,"27":0,"28":0,"29":0,"30":0,"31":4,"32":4,"33":0,"34":0,"35":0,"36":0,"37":0,"38":4,"39":4,"40":0,"41":0,"42":0,"43":0,"44":0,"45":4,"46":4,"47":0,"48":0,"49":0,"50":0,"51":4,"52":4,"53":0,"54":0,"55":0,"56":0,"57":4,"58":4,"59":0,"60":0,"61":4,"62":4,"63":0,"64":0,"65":0,"66":0,"67":0,"68":4,"69":4,"70":0,"71":0,"72":0,"73":0,"74":0,"75":4,"76":4,"77":0,"78":0,"79":0,"80":0,"81":0,"82":4,"83":4,"84":0,"85":0,"86":0,"87":0,"88":0,"89":4,"90":4,"91":0,"92":4,"93":4,"94":0,"95":4,"96":4,"97":0,"98":0,"99":4},"f":{"0":0,"1":0,"2":0,"3":0,"4":0,"5":0,"6":0,"7":0,"8":0,"9":0,"10":0,"11":0,"12":0,"13":0,"14":0,"15":0,"16":0,"17":0,"18":0,"19":0,"20":0,"21":0,"22":0,"23":0,"24":0,"25":0,"26":0,"27":0,"28":0,"29":0,"30":0,"31":0,"32":0,"33":0,"34":0},"b":{"0":[0,0],"1":[0],"2":[0,0,0],"3":[0],"4":[0],"5":[0],"6":[0,0],"7":[0,0],"8":[0],"9":[0,0],"10":[0,0],"11":[0],"12":[0,0],"13":[0,0],"14":[0],"15":[0,0],"16":[0,0],"17":[0],"18":[0,0],"19":[0,0],"20":[0],"21":[0,0],"22":[0,0],"23":[0],"24":[0,0],"25":[0,0],"26":[0],"27":[0,0],"28":[0,0]}}
,"C:\\Users\\George\\Desktop\\Study\\yaReact\\stellar-burgers\\src\\utils\\cookie.ts": {"path":"C:\\Users\\George\\Desktop\\Study\\yaReact\\stellar-burgers\\src\\utils\\cookie.ts","statementMap":{"0":{"start":{"line":2,"column":18},"end":{"line":8,"column":null}},"1":{"start":{"line":10,"column":2},"end":{"line":10,"column":62}},"2":{"start":{"line":1,"column":0},"end":{"line":1,"column":16}},"3":{"start":{"line":16,"column":2},"end":{"line":16,"column":null}},"4":{"start":{"line":18,"column":2},"end":{"line":21,"column":4}},"5":{"start":{"line":23,"column":12},"end":{"line":23,"column":25}},"6":{"start":{"line":24,"column":2},"end":{"line":28,"column":3}},"7":{"start":{"line":25,"column":14},"end":{"line":25,"column":24}},"8":{"start":{"line":26,"column":4},"end":{"line":26,"column":40}},"9":{"start":{"line":27,"column":4},"end":{"line":27,"column":28}},"10":{"start":{"line":30,"column":2},"end":{"line":32,"column":3}},"11":{"start":{"line":31,"column":4},"end":{"line":31,"column":38}},"12":{"start":{"line":33,"column":2},"end":{"line":33,"column":36}},"13":{"start":{"line":34,"column":22},"end":{"line":34,"column":40}},"14":{"start":{"line":35,"column":2},"end":{"line":41,"column":3}},"15":{"start":{"line":36,"column":4},"end":{"line":36,"column":37}},"16":{"start":{"line":37,"column":22},"end":{"line":37,"column":37}},"17":{"start":{"line":38,"column":4},"end":{"line":40,"column":5}},"18":{"start":{"line":39,"column":6},"end":{"line":39,"column":39}},"19":{"start":{"line":42,"column":2},"end":{"line":42,"column":34}},"20":{"start":{"line":13,"column":0},"end":{"line":13,"column":16}},"21":{"start":{"line":46,"column":2},"end":{"line":46,"column":39}},"22":{"start":{"line":45,"column":0},"end":{"line":45,"column":16}}},"fnMap":{"0":{"name":"getCookie","decl":{"start":{"line":1,"column":16},"end":{"line":1,"column":25}},"loc":{"start":{"line":1,"column":38},"end":{"line":11,"column":1}}},"1":{"name":"setCookie","decl":{"start":{"line":13,"column":16},"end":{"line":13,"column":25}},"loc":{"start":{"line":16,"column":65},"end":{"line":43,"column":1}}},"2":{"name":"deleteCookie","decl":{"start":{"line":45,"column":16},"end":{"line":45,"column":28}},"loc":{"start":{"line":45,"column":41},"end":{"line":47,"column":1}}}},"branchMap":{"0":{"loc":{"start":{"line":10,"column":9},"end":{"line":10,"column":61}},"type":"cond-expr","locations":[{"start":{"line":10,"column":19},"end":{"line":10,"column":49}},{"start":{"line":10,"column":52},"end":{"line":10,"column":61}}]},"1":{"loc":{"start":{"line":16,"column":2},"end":{"line":16,"column":null}},"type":"if","locations":[{"start":{"line":16,"column":2},"end":{"line":16,"column":null}}]},"2":{"loc":{"start":{"line":24,"column":2},"end":{"line":28,"column":3}},"type":"if","locations":[{"start":{"line":24,"column":2},"end":{"line":28,"column":3}}]},"3":{"loc":{"start":{"line":24,"column":6},"end":{"line":24,"column":36}},"type":"binary-expr","locations":[{"start":{"line":24,"column":6},"end":{"line":24,"column":9}},{"start":{"line":24,"column":13},"end":{"line":24,"column":36}}]},"4":{"loc":{"start":{"line":30,"column":2},"end":{"line":32,"column":3}},"type":"if","locations":[{"start":{"line":30,"column":2},"end":{"line":32,"column":3}}]},"5":{"loc":{"start":{"line":30,"column":6},"end":{"line":30,"column":32}},"type":"binary-expr","locations":[{"start":{"line":30,"column":6},"end":{"line":30,"column":9}},{"start":{"line":30,"column":13},"end":{"line":30,"column":32}}]},"6":{"loc":{"start":{"line":38,"column":4},"end":{"line":40,"column":5}},"type":"if","locations":[{"start":{"line":38,"column":4},"end":{"line":40,"column":5}}]}},"s":{"0":0,"1":0,"2":4,"3":0,"4":0,"5":0,"6":0,"7":0,"8":0,"9":0,"10":0,"11":0,"12":0,"13":0,"14":0,"15":0,"16":0,"17":0,"18":0,"19":0,"20":4,"21":0,"22":4},"f":{"0":0,"1":0,"2":0},"b":{"0":[0,0],"1":[0],"2":[0],"3":[0,0],"4":[0],"5":[0,0],"6":[0]}}
}
