TN:
SF:src\services\store.ts
FN:31,(anonymous_0)
FNF:1
FNH:0
FNDA:0,(anonymous_0)
DA:1,1
DA:3,1
DA:8,1
DA:9,1
DA:10,1
DA:11,1
DA:12,1
DA:14,1
DA:22,1
DA:31,1
DA:32,1
DA:34,1
LF:12
LH:12
BRF:0
BRH:0
end_of_record
TN:
SF:src\services\Ingredients\actions.ts
FNF:0
FNH:0
DA:1,2
DA:2,2
DA:4,2
LF:3
LH:3
BRF:0
BRH:0
end_of_record
TN:
SF:src\services\Ingredients\slice.ts
FN:19,(anonymous_0)
FN:21,(anonymous_1)
FN:24,(anonymous_2)
FN:28,(anonymous_3)
FN:35,(anonymous_4)
FN:37,(anonymous_5)
FNF:6
FNH:4
FNDA:2,(anonymous_0)
FNDA:1,(anonymous_1)
FNDA:1,(anonymous_2)
FNDA:1,(anonymous_3)
FNDA:0,(anonymous_4)
FNDA:0,(anonymous_5)
DA:1,2
DA:3,2
DA:10,2
DA:15,2
DA:20,2
DA:22,1
DA:25,1
DA:26,1
DA:29,1
DA:35,2
DA:36,0
DA:37,2
DA:39,0
LF:13
LH:11
BRF:0
BRH:0
end_of_record
TN:
SF:src\services\burger-creator\slice.ts
FN:19,(anonymous_2)
FN:26,(anonymous_3)
FN:30,(anonymous_4)
FN:32,(anonymous_5)
FN:35,(anonymous_6)
FN:36,(anonymous_7)
FN:44,(anonymous_8)
FN:56,(anonymous_9)
FN:60,(anonymous_10)
FNF:9
FNH:6
FNDA:2,(anonymous_2)
FNDA:2,(anonymous_3)
FNDA:1,(anonymous_4)
FNDA:2,(anonymous_5)
FNDA:0,(anonymous_6)
FNDA:1,(anonymous_7)
FNDA:1,(anonymous_8)
FNDA:0,(anonymous_9)
FNDA:0,(anonymous_10)
DA:1,3
DA:9,3
DA:14,3
DA:20,2
DA:21,1
DA:23,1
DA:26,2
DA:31,1
DA:32,2
DA:35,0
DA:37,1
DA:38,1
DA:39,1
DA:40,1
DA:41,1
DA:45,1
DA:46,1
DA:47,1
DA:48,1
DA:49,1
DA:56,3
DA:58,0
DA:60,3
DA:62,0
DA:65,3
LF:25
LH:22
BRDA:20,0,0,1
BRDA:20,0,1,1
BRDA:38,1,0,1
BRDA:46,2,0,1
BRF:4
BRH:4
end_of_record
TN:
SF:src\services\feed\actions.ts
FNF:0
FNH:0
DA:1,1
DA:2,1
DA:4,1
DA:6,1
LF:4
LH:4
BRF:0
BRH:0
end_of_record
TN:
SF:src\services\feed\slice.ts
FN:25,(anonymous_0)
FN:29,(anonymous_1)
FN:31,(anonymous_2)
FN:34,(anonymous_3)
FN:40,(anonymous_4)
FN:43,(anonymous_5)
FN:50,(anonymous_6)
FN:52,(anonymous_7)
FN:53,(anonymous_8)
FN:55,(anonymous_9)
FN:57,(anonymous_10)
FNF:11
FNH:1
FNDA:0,(anonymous_0)
FNDA:1,(anonymous_1)
FNDA:0,(anonymous_2)
FNDA:0,(anonymous_3)
FNDA:0,(anonymous_4)
FNDA:0,(anonymous_5)
FNDA:0,(anonymous_6)
FNDA:0,(anonymous_7)
FNDA:0,(anonymous_8)
FNDA:0,(anonymous_9)
FNDA:0,(anonymous_10)
DA:1,1
DA:3,1
DA:13,1
DA:21,1
DA:26,0
DA:30,1
DA:32,0
DA:35,0
DA:36,0
DA:37,0
DA:38,0
DA:41,0
DA:43,1
DA:44,0
DA:50,1
DA:51,0
DA:52,1
DA:53,1
DA:54,0
DA:55,1
DA:56,0
DA:57,1
DA:58,0
DA:60,1
LF:24
LH:12
BRF:0
BRH:0
end_of_record
TN:
SF:src\services\orders\actions.ts
FN:5,(anonymous_13)
FN:7,(anonymous_14)
FN:19,(anonymous_16)
FN:21,(anonymous_19)
FN:34,(anonymous_20)
FNF:5
FNH:4
FNDA:3,(anonymous_13)
FNDA:3,(anonymous_14)
FNDA:3,(anonymous_16)
FNDA:3,(anonymous_19)
FNDA:0,(anonymous_20)
DA:1,3
DA:2,3
DA:3,3
DA:5,3
DA:7,3
DA:10,3
DA:12,0
DA:13,0
DA:17,3
DA:19,3
DA:20,3
DA:21,3
DA:24,3
DA:25,2
DA:26,2
DA:28,1
DA:32,3
DA:34,0
DA:35,0
LF:19
LH:15
BRDA:10,0,0,3
BRDA:12,1,0,0
BRDA:12,1,1,0
BRDA:20,2,0,3
BRDA:24,3,0,2
BRDA:24,4,0,0
BRDA:24,4,1,3
BRDA:24,5,0,3
BRDA:24,5,1,3
BRDA:35,6,0,0
BRDA:35,6,1,0
BRF:11
BRH:6
end_of_record
TN:
SF:src\services\orders\slice.ts
FN:23,(anonymous_0)
FN:27,(anonymous_1)
FN:29,(anonymous_2)
FN:32,(anonymous_3)
FN:39,(anonymous_4)
FN:42,(anonymous_5)
FN:47,(anonymous_6)
FN:54,(anonymous_7)
FN:56,(anonymous_8)
FN:58,(anonymous_9)
FN:60,(anonymous_10)
FNF:11
FNH:5
FNDA:0,(anonymous_0)
FNDA:2,(anonymous_1)
FNDA:1,(anonymous_2)
FNDA:0,(anonymous_3)
FNDA:1,(anonymous_4)
FNDA:1,(anonymous_5)
FNDA:1,(anonymous_6)
FNDA:0,(anonymous_7)
FNDA:0,(anonymous_8)
FNDA:0,(anonymous_9)
FNDA:0,(anonymous_10)
DA:1,2
DA:3,2
DA:12,2
DA:19,2
DA:24,0
DA:28,2
DA:30,1
DA:33,0
DA:38,2
DA:40,1
DA:43,1
DA:44,1
DA:45,1
DA:48,1
DA:54,2
DA:55,0
DA:56,2
DA:57,0
DA:58,2
DA:59,0
DA:60,2
DA:61,0
DA:63,2
LF:23
LH:17
BRDA:34,0,0,0
BRDA:34,0,1,0
BRDA:34,1,0,0
BRDA:34,1,1,0
BRF:4
BRH:0
end_of_record
TN:
SF:src\services\user\actions.ts
FN:14,(anonymous_13)
FN:40,(anonymous_16)
FN:46,(anonymous_19)
FN:48,(anonymous_22)
FN:58,(anonymous_23)
FN:60,(anonymous_26)
FN:70,(anonymous_27)
FN:78,(anonymous_30)
FN:83,(anonymous_31)
FNF:9
FNH:0
FNDA:0,(anonymous_13)
FNDA:0,(anonymous_16)
FNDA:0,(anonymous_19)
FNDA:0,(anonymous_22)
FNDA:0,(anonymous_23)
FNDA:0,(anonymous_26)
FNDA:0,(anonymous_27)
FNDA:0,(anonymous_30)
FNDA:0,(anonymous_31)
DA:1,2
DA:3,2
DA:12,2
DA:14,2
DA:17,0
DA:20,0
DA:21,0
DA:22,0
DA:25,0
DA:26,0
DA:27,0
DA:30,0
DA:32,0
DA:38,2
DA:40,0
DA:41,0
DA:44,2
DA:46,0
DA:47,0
DA:48,0
DA:52,0
DA:56,2
DA:58,0
DA:59,0
DA:60,0
DA:64,0
DA:68,2
DA:70,0
DA:71,0
DA:72,0
DA:73,0
DA:78,2
DA:79,0
DA:80,0
DA:83,2
DA:84,0
DA:85,0
LF:37
LH:10
BRDA:17,0,0,0
BRDA:21,1,0,0
BRDA:25,2,0,0
BRDA:33,3,0,0
BRDA:33,3,1,0
BRDA:41,4,0,0
BRDA:41,4,1,0
BRDA:47,5,0,0
BRDA:59,6,0,0
BRDA:71,7,0,0
BRDA:72,8,0,0
BRF:11
BRH:0
end_of_record
TN:
SF:src\services\user\slice.ts
FN:23,(anonymous_0)
FN:27,(anonymous_1)
FN:29,(anonymous_2)
FN:34,(anonymous_3)
FN:41,(anonymous_4)
FN:47,(anonymous_5)
FN:52,(anonymous_6)
FN:61,(anonymous_7)
FN:70,(anonymous_8)
FN:71,(anonymous_9)
FN:73,(anonymous_10)
FN:75,(anonymous_11)
FNF:12
FNH:6
FNDA:1,(anonymous_0)
FNDA:2,(anonymous_1)
FNDA:1,(anonymous_2)
FNDA:0,(anonymous_3)
FNDA:1,(anonymous_4)
FNDA:1,(anonymous_5)
FNDA:0,(anonymous_6)
FNDA:1,(anonymous_7)
FNDA:0,(anonymous_8)
FNDA:0,(anonymous_9)
FNDA:0,(anonymous_10)
FNDA:0,(anonymous_11)
DA:1,2
DA:2,2
DA:12,2
DA:19,2
DA:24,1
DA:28,2
DA:30,1
DA:31,1
DA:32,1
DA:35,0
DA:36,0
DA:41,2
DA:42,1
DA:43,1
DA:44,1
DA:46,2
DA:48,1
DA:49,1
DA:50,1
DA:53,0
DA:54,0
DA:55,0
DA:56,0
DA:61,2
DA:62,1
DA:63,1
DA:64,1
DA:70,2
DA:71,2
DA:72,0
DA:73,2
DA:74,0
DA:75,2
DA:77,2
LF:34
LH:26
BRDA:37,0,0,0
BRDA:37,0,1,0
BRDA:37,1,0,0
BRDA:37,1,1,0
BRDA:57,2,0,0
BRDA:57,2,1,0
BRDA:57,3,0,0
BRDA:57,3,1,0
BRF:8
BRH:0
end_of_record
TN:
SF:src\utils\burger-api.ts
FN:6,(anonymous_13)
FN:7,(anonymous_14)
FN:18,(anonymous_15)
FN:28,(anonymous_16)
FN:29,(anonymous_17)
FN:38,(anonymous_18)
FN:40,(anonymous_19)
FN:70,(anonymous_21)
FN:72,(anonymous_22)
FN:73,(anonymous_23)
FN:78,(anonymous_24)
FN:80,(anonymous_25)
FN:81,(anonymous_26)
FN:86,(anonymous_27)
FN:93,(anonymous_28)
FN:103,(anonymous_29)
FN:113,(anonymous_30)
FN:122,(anonymous_31)
FN:128,(anonymous_32)
FN:142,(anonymous_33)
FN:150,(anonymous_34)
FN:151,(anonymous_35)
FN:161,(anonymous_36)
FN:169,(anonymous_37)
FN:170,(anonymous_38)
FN:175,(anonymous_39)
FN:183,(anonymous_40)
FN:184,(anonymous_41)
FN:189,(anonymous_42)
FN:197,(anonymous_43)
FN:198,(anonymous_44)
FN:205,(anonymous_45)
FN:212,(anonymous_46)
FN:222,(anonymous_47)
FN:231,(anonymous_48)
FNF:35
FNH:0
FNDA:0,(anonymous_13)
FNDA:0,(anonymous_14)
FNDA:0,(anonymous_15)
FNDA:0,(anonymous_16)
FNDA:0,(anonymous_17)
FNDA:0,(anonymous_18)
FNDA:0,(anonymous_19)
FNDA:0,(anonymous_21)
FNDA:0,(anonymous_22)
FNDA:0,(anonymous_23)
FNDA:0,(anonymous_24)
FNDA:0,(anonymous_25)
FNDA:0,(anonymous_26)
FNDA:0,(anonymous_27)
FNDA:0,(anonymous_28)
FNDA:0,(anonymous_29)
FNDA:0,(anonymous_30)
FNDA:0,(anonymous_31)
FNDA:0,(anonymous_32)
FNDA:0,(anonymous_33)
FNDA:0,(anonymous_34)
FNDA:0,(anonymous_35)
FNDA:0,(anonymous_36)
FNDA:0,(anonymous_37)
FNDA:0,(anonymous_38)
FNDA:0,(anonymous_39)
FNDA:0,(anonymous_40)
FNDA:0,(anonymous_41)
FNDA:0,(anonymous_42)
FNDA:0,(anonymous_43)
FNDA:0,(anonymous_44)
FNDA:0,(anonymous_45)
FNDA:0,(anonymous_46)
FNDA:0,(anonymous_47)
FNDA:0,(anonymous_48)
DA:1,4
DA:4,4
DA:6,4
DA:7,0
DA:18,4
DA:19,0
DA:28,0
DA:30,0
DA:31,0
DA:33,0
DA:34,0
DA:35,0
DA:38,4
DA:40,0
DA:43,0
DA:44,0
DA:46,0
DA:47,0
DA:48,0
DA:49,0
DA:52,0
DA:53,0
DA:55,0
DA:70,4
DA:71,0
DA:72,0
DA:74,0
DA:75,0
DA:78,4
DA:79,0
DA:80,0
DA:82,0
DA:83,0
DA:86,4
DA:87,0
DA:94,0
DA:95,0
DA:103,4
DA:104,0
DA:114,0
DA:115,0
DA:122,4
DA:123,0
DA:128,0
DA:142,4
DA:143,0
DA:150,0
DA:152,0
DA:153,0
DA:161,4
DA:162,0
DA:169,0
DA:171,0
DA:172,0
DA:175,4
DA:176,0
DA:183,0
DA:185,0
DA:186,0
DA:189,4
DA:190,0
DA:197,0
DA:199,0
DA:200,0
DA:205,4
DA:206,0
DA:212,4
DA:213,0
DA:222,4
DA:223,0
DA:231,0
LF:71
LH:17
BRDA:7,0,0,0
BRDA:7,0,1,0
BRDA:30,1,0,0
BRDA:44,2,0,0
BRDA:44,2,1,0
BRDA:44,2,2,0
BRDA:46,3,0,0
BRDA:48,4,0,0
BRDA:74,5,0,0
BRDA:74,6,0,0
BRDA:74,6,1,0
BRDA:74,7,0,0
BRDA:74,7,1,0
BRDA:82,8,0,0
BRDA:82,9,0,0
BRDA:82,9,1,0
BRDA:82,10,0,0
BRDA:82,10,1,0
BRDA:94,11,0,0
BRDA:94,12,0,0
BRDA:94,12,1,0
BRDA:94,13,0,0
BRDA:94,13,1,0
BRDA:114,14,0,0
BRDA:114,15,0,0
BRDA:114,15,1,0
BRDA:114,16,0,0
BRDA:114,16,1,0
BRDA:152,17,0,0
BRDA:152,18,0,0
BRDA:152,18,1,0
BRDA:152,19,0,0
BRDA:152,19,1,0
BRDA:171,20,0,0
BRDA:171,21,0,0
BRDA:171,21,1,0
BRDA:171,22,0,0
BRDA:171,22,1,0
BRDA:185,23,0,0
BRDA:185,24,0,0
BRDA:185,24,1,0
BRDA:185,25,0,0
BRDA:185,25,1,0
BRDA:199,26,0,0
BRDA:199,27,0,0
BRDA:199,27,1,0
BRDA:199,28,0,0
BRDA:199,28,1,0
BRF:48
BRH:0
end_of_record
TN:
SF:src\utils\cookie.ts
FN:1,getCookie
FN:13,setCookie
FN:45,deleteCookie
FNF:3
FNH:0
FNDA:0,getCookie
FNDA:0,setCookie
FNDA:0,deleteCookie
DA:1,4
DA:2,0
DA:10,0
DA:13,4
DA:16,0
DA:18,0
DA:23,0
DA:24,0
DA:25,0
DA:26,0
DA:27,0
DA:30,0
DA:31,0
DA:33,0
DA:34,0
DA:35,0
DA:36,0
DA:37,0
DA:38,0
DA:39,0
DA:42,0
DA:45,4
DA:46,0
LF:23
LH:3
BRDA:10,0,0,0
BRDA:10,0,1,0
BRDA:16,1,0,0
BRDA:24,2,0,0
BRDA:24,3,0,0
BRDA:24,3,1,0
BRDA:30,4,0,0
BRDA:30,5,0,0
BRDA:30,5,1,0
BRDA:38,6,0,0
BRF:10
BRH:0
end_of_record
